[23Jul2020 09:09:52.008] [main/INFO] [cpw.mods.modlauncher.Launcher/MODLAUNCHER]: ModLauncher running: args [--gameDir, ., --launchTarget, fmluserdevclient, --fml.mcpVersion, 20200625.160719, --fml.mcVersion, 1.16.1, --fml.forgeGroup, net.minecraftforge, --fml.forgeVersion, 32.0.44, --version, MOD_DEV, --assetIndex, 1.16, --assetsDir, C:\Users\jadel\.gradle\caches\forge_gradle\assets, --username, Dev, --accessToken, ????????, --userProperties, {}]
[23Jul2020 09:09:52.014] [main/INFO] [cpw.mods.modlauncher.Launcher/MODLAUNCHER]: ModLauncher 5.1.0+69+master.79f13f7 starting: java version 1.8.0_222 by AdoptOpenJDK
[23Jul2020 09:09:52.461] [main/INFO] [net.minecraftforge.fml.loading.FixSSL/CORE]: Added Lets Encrypt root certificates as additional trust
[23Jul2020 09:09:52.524] [main/INFO] [STDERR/]: [java.lang.ThreadGroup:uncaughtException:1052]: com.electronwill.nightconfig.core.io.ParsingException: Invalid character 'f' after key [Enable]
[23Jul2020 09:09:52.525] [main/INFO] [STDERR/]: [java.lang.ThreadGroup:uncaughtException:1052]: 	at com.electronwill.nightconfig.toml.TableParser.parseDottedKey(TableParser.java:152)
[23Jul2020 09:09:52.525] [main/INFO] [STDERR/]: [java.lang.ThreadGroup:uncaughtException:1052]: 	at com.electronwill.nightconfig.toml.TableParser.parseNormal(TableParser.java:55)
[23Jul2020 09:09:52.526] [main/INFO] [STDERR/]: [java.lang.ThreadGroup:uncaughtException:1052]: 	at com.electronwill.nightconfig.toml.TomlParser.parse(TomlParser.java:44)
[23Jul2020 09:09:52.526] [main/INFO] [STDERR/]: [java.lang.ThreadGroup:uncaughtException:1052]: 	at com.electronwill.nightconfig.toml.TomlParser.parse(TomlParser.java:37)
[23Jul2020 09:09:52.527] [main/INFO] [STDERR/]: [java.lang.ThreadGroup:uncaughtException:1052]: 	at com.electronwill.nightconfig.core.io.ConfigParser.parse(ConfigParser.java:113)
[23Jul2020 09:09:52.527] [main/INFO] [STDERR/]: [java.lang.ThreadGroup:uncaughtException:1052]: 	at com.electronwill.nightconfig.core.io.ConfigParser.parse(ConfigParser.java:219)
[23Jul2020 09:09:52.528] [main/INFO] [STDERR/]: [java.lang.ThreadGroup:uncaughtException:1052]: 	at com.electronwill.nightconfig.core.io.ConfigParser.parse(ConfigParser.java:202)
[23Jul2020 09:09:52.528] [main/INFO] [STDERR/]: [java.lang.ThreadGroup:uncaughtException:1052]: 	at com.electronwill.nightconfig.core.file.WriteSyncFileConfig.load(WriteSyncFileConfig.java:73)
[23Jul2020 09:09:52.529] [main/INFO] [STDERR/]: [java.lang.ThreadGroup:uncaughtException:1052]: 	at com.electronwill.nightconfig.core.file.AutoreloadFileConfig.load(AutoreloadFileConfig.java:41)
[23Jul2020 09:09:52.529] [main/INFO] [STDERR/]: [java.lang.ThreadGroup:uncaughtException:1052]: 	at com.electronwill.nightconfig.core.file.AutosaveCommentedFileConfig.load(AutosaveCommentedFileConfig.java:85)
[23Jul2020 09:09:52.530] [main/INFO] [STDERR/]: [java.lang.ThreadGroup:uncaughtException:1052]: 	at net.minecraftforge.fml.loading.FMLConfig.loadFrom(FMLConfig.java:57)
[23Jul2020 09:09:52.530] [main/INFO] [STDERR/]: [java.lang.ThreadGroup:uncaughtException:1052]: 	at net.minecraftforge.fml.loading.FMLConfig.load(FMLConfig.java:69)
[23Jul2020 09:09:52.530] [main/INFO] [STDERR/]: [java.lang.ThreadGroup:uncaughtException:1052]: 	at net.minecraftforge.fml.loading.FMLServiceProvider.initialize(FMLServiceProvider.java:81)
[23Jul2020 09:09:52.531] [main/INFO] [STDERR/]: [java.lang.ThreadGroup:uncaughtException:1052]: 	at cpw.mods.modlauncher.TransformationServiceDecorator.onInitialize(TransformationServiceDecorator.java:68)
[23Jul2020 09:09:52.531] [main/INFO] [STDERR/]: [java.lang.ThreadGroup:uncaughtException:1052]: 	at cpw.mods.modlauncher.TransformationServicesHandler.lambda$initialiseTransformationServices$7(TransformationServicesHandler.java:107)
[23Jul2020 09:09:52.531] [main/INFO] [STDERR/]: [java.lang.ThreadGroup:uncaughtException:1052]: 	at java.util.HashMap$Values.forEach(HashMap.java:981)
[23Jul2020 09:09:52.531] [main/INFO] [STDERR/]: [java.lang.ThreadGroup:uncaughtException:1052]: 	at cpw.mods.modlauncher.TransformationServicesHandler.initialiseTransformationServices(TransformationServicesHandler.java:107)
[23Jul2020 09:09:52.532] [main/INFO] [STDERR/]: [java.lang.ThreadGroup:uncaughtException:1052]: 	at cpw.mods.modlauncher.TransformationServicesHandler.initializeTransformationServices(TransformationServicesHandler.java:59)
[23Jul2020 09:09:52.532] [main/INFO] [STDERR/]: [java.lang.ThreadGroup:uncaughtException:1052]: 	at cpw.mods.modlauncher.Launcher.run(Launcher.java:75)
[23Jul2020 09:09:52.532] [main/INFO] [STDERR/]: [java.lang.ThreadGroup:uncaughtException:1052]: 	at cpw.mods.modlauncher.Launcher.main(Launcher.java:65)
[23Jul2020 09:09:52.532] [main/INFO] [STDERR/]: [java.lang.ThreadGroup:uncaughtException:1052]: 	at net.minecraftforge.userdev.LaunchTesting.main(LaunchTesting.java:105)
