[24Jul2020 15:46:44.647] [main/INFO] [cpw.mods.modlauncher.Launcher/MODLAUNCHER]: ModLauncher running: args [--gameDir, ., --launchTarget, fmluserdevclient, --fml.mcpVersion, 20200625.160719, --fml.mcVersion, 1.16.1, --fml.forgeGroup, net.minecraftforge, --fml.forgeVersion, 32.0.44, --version, MOD_DEV, --assetIndex, 1.16, --assetsDir, C:\Users\jadel\.gradle\caches\forge_gradle\assets, --username, Dev, --accessToken, ????????, --userProperties, {}]
[24Jul2020 15:46:44.658] [main/INFO] [cpw.mods.modlauncher.Launcher/MODLAUNCHER]: ModLauncher 5.1.0+69+master.79f13f7 starting: java version 1.8.0_222 by AdoptOpenJDK
[24Jul2020 15:46:45.516] [main/INFO] [net.minecraftforge.fml.loading.FixSSL/CORE]: Added Lets Encrypt root certificates as additional trust
[24Jul2020 15:46:48.679] [main/INFO] [cpw.mods.modlauncher.LaunchServiceHandler/MODLAUNCHER]: Launching target 'fmluserdevclient' with arguments [--version, MOD_DEV, --gameDir, ., --assetsDir, C:\Users\jadel\.gradle\caches\forge_gradle\assets, --assetIndex, 1.16, --username, Dev, --accessToken, ????????, --userProperties, {}]
[24Jul2020 15:47:41.279] [Render thread/INFO] [com.mojang.authlib.yggdrasil.YggdrasilAuthenticationService/]: Environment: authHost='https://authserver.mojang.com', accountsHost='https://api.mojang.com', sessionHost='https://sessionserver.mojang.com', name='PROD'
[24Jul2020 15:47:41.335] [Render thread/INFO] [net.minecraft.client.Minecraft/]: Setting user: Dev
[24Jul2020 15:47:42.862] [Render thread/INFO] [net.minecraft.client.Minecraft/]: Backend library: LWJGL version 3.2.2 build 10
[24Jul2020 15:47:47.770] [Render thread/FATAL] [net.minecraftforge.fml.ModLoader/CORE]: Error during pre-loading phase
net.minecraftforge.fml.ModLoadingException: Mod §estweaks§r requires §6structure_gel§r §o1.1.0 or above§r
§7Currently, §6structure_gel§r§7 is §o§nnot installed
	at net.minecraftforge.fml.ModLoadingException.lambda$fromEarlyException$0(ModLoadingException.java:63) ~[forge-1.16.1-32.0.44_mapped_snapshot_20200514-1.16-recomp.jar:?]
	at java.util.stream.ReferencePipeline$3$1.accept(ReferencePipeline.java:193) ~[?:1.8.0_222]
	at java.util.ArrayList$ArrayListSpliterator.forEachRemaining(ArrayList.java:1382) ~[?:1.8.0_222]
	at java.util.stream.AbstractPipeline.copyInto(AbstractPipeline.java:482) ~[?:1.8.0_222]
	at java.util.stream.AbstractPipeline.wrapAndCopyInto(AbstractPipeline.java:472) ~[?:1.8.0_222]
	at java.util.stream.ForEachOps$ForEachOp.evaluateSequential(ForEachOps.java:150) ~[?:1.8.0_222]
	at java.util.stream.ForEachOps$ForEachOp$OfRef.evaluateSequential(ForEachOps.java:173) ~[?:1.8.0_222]
	at java.util.stream.AbstractPipeline.evaluate(AbstractPipeline.java:234) ~[?:1.8.0_222]
	at java.util.stream.ReferencePipeline.forEach(ReferencePipeline.java:485) ~[?:1.8.0_222]
	at java.util.stream.ReferencePipeline$7$1.accept(ReferencePipeline.java:272) ~[?:1.8.0_222]
	at java.util.ArrayList$ArrayListSpliterator.forEachRemaining(ArrayList.java:1382) ~[?:1.8.0_222]
	at java.util.stream.AbstractPipeline.copyInto(AbstractPipeline.java:482) ~[?:1.8.0_222]
	at java.util.stream.AbstractPipeline.wrapAndCopyInto(AbstractPipeline.java:472) ~[?:1.8.0_222]
	at java.util.stream.ReduceOps$ReduceOp.evaluateSequential(ReduceOps.java:708) ~[?:1.8.0_222]
	at java.util.stream.AbstractPipeline.evaluate(AbstractPipeline.java:234) ~[?:1.8.0_222]
	at java.util.stream.ReferencePipeline.collect(ReferencePipeline.java:566) ~[?:1.8.0_222]
	at net.minecraftforge.fml.ModLoader.<init>(ModLoader.java:118) ~[forge-1.16.1-32.0.44_mapped_snapshot_20200514-1.16-recomp.jar:?]
	at net.minecraftforge.fml.ModLoader.get(ModLoader.java:147) ~[forge-1.16.1-32.0.44_mapped_snapshot_20200514-1.16-recomp.jar:?]
	at net.minecraftforge.fml.client.ClientModLoader.lambda$begin$2(ClientModLoader.java:93) ~[forge-1.16.1-32.0.44_mapped_snapshot_20200514-1.16-recomp.jar:?]
	at net.minecraftforge.fml.client.ClientModLoader.lambda$createRunnableWithCatch$5(ClientModLoader.java:109) ~[forge-1.16.1-32.0.44_mapped_snapshot_20200514-1.16-recomp.jar:?]
	at net.minecraftforge.fml.client.ClientModLoader.begin(ClientModLoader.java:93) ~[forge-1.16.1-32.0.44_mapped_snapshot_20200514-1.16-recomp.jar:?]
	at net.minecraft.client.Minecraft.<init>(Minecraft.java:430) ~[forge-1.16.1-32.0.44_mapped_snapshot_20200514-1.16-recomp.jar:?]
	at net.minecraft.client.main.Main.main(Main.java:149) ~[forge-1.16.1-32.0.44_mapped_snapshot_20200514-1.16-recomp.jar:?]
	at sun.reflect.NativeMethodAccessorImpl.invoke0(Native Method) ~[?:1.8.0_222]
	at sun.reflect.NativeMethodAccessorImpl.invoke(NativeMethodAccessorImpl.java:62) ~[?:1.8.0_222]
	at sun.reflect.DelegatingMethodAccessorImpl.invoke(DelegatingMethodAccessorImpl.java:43) ~[?:1.8.0_222]
	at java.lang.reflect.Method.invoke(Method.java:498) ~[?:1.8.0_222]
	at net.minecraftforge.userdev.FMLUserdevClientLaunchProvider.lambda$launchService$0(FMLUserdevClientLaunchProvider.java:55) ~[forge-1.16.1-32.0.44_mapped_snapshot_20200514-1.16-recomp.jar:?]
	at cpw.mods.modlauncher.LaunchServiceHandlerDecorator.launch(LaunchServiceHandlerDecorator.java:37) [modlauncher-5.1.0.jar:?]
	at cpw.mods.modlauncher.LaunchServiceHandler.launch(LaunchServiceHandler.java:54) [modlauncher-5.1.0.jar:?]
	at cpw.mods.modlauncher.LaunchServiceHandler.launch(LaunchServiceHandler.java:72) [modlauncher-5.1.0.jar:?]
	at cpw.mods.modlauncher.Launcher.run(Launcher.java:81) [modlauncher-5.1.0.jar:?]
	at cpw.mods.modlauncher.Launcher.main(Launcher.java:65) [modlauncher-5.1.0.jar:?]
	at net.minecraftforge.userdev.LaunchTesting.main(LaunchTesting.java:105) [forge-1.16.1-32.0.44_mapped_snapshot_20200514-1.16-recomp.jar:?]
[24Jul2020 15:47:48.061] [Render thread/FATAL] [net.minecraftforge.eventbus.EventBus/EVENTBUS]: EventBus 0 shutting down - future events will not be posted.
java.lang.Exception: stacktrace
	at net.minecraftforge.eventbus.EventBus.shutdown(EventBus.java:278) ~[eventbus-2.2.0-service.jar:?]
	at net.minecraftforge.fml.client.ClientModLoader.lambda$createRunnableWithCatch$5(ClientModLoader.java:111) ~[forge-1.16.1-32.0.44_mapped_snapshot_20200514-1.16-recomp.jar:?]
	at net.minecraftforge.fml.client.ClientModLoader.begin(ClientModLoader.java:93) ~[forge-1.16.1-32.0.44_mapped_snapshot_20200514-1.16-recomp.jar:?]
	at net.minecraft.client.Minecraft.<init>(Minecraft.java:430) ~[forge-1.16.1-32.0.44_mapped_snapshot_20200514-1.16-recomp.jar:?]
	at net.minecraft.client.main.Main.main(Main.java:149) ~[forge-1.16.1-32.0.44_mapped_snapshot_20200514-1.16-recomp.jar:?]
	at sun.reflect.NativeMethodAccessorImpl.invoke0(Native Method) ~[?:1.8.0_222]
	at sun.reflect.NativeMethodAccessorImpl.invoke(NativeMethodAccessorImpl.java:62) ~[?:1.8.0_222]
	at sun.reflect.DelegatingMethodAccessorImpl.invoke(DelegatingMethodAccessorImpl.java:43) ~[?:1.8.0_222]
	at java.lang.reflect.Method.invoke(Method.java:498) ~[?:1.8.0_222]
	at net.minecraftforge.userdev.FMLUserdevClientLaunchProvider.lambda$launchService$0(FMLUserdevClientLaunchProvider.java:55) ~[forge-1.16.1-32.0.44_mapped_snapshot_20200514-1.16-recomp.jar:?]
	at cpw.mods.modlauncher.LaunchServiceHandlerDecorator.launch(LaunchServiceHandlerDecorator.java:37) [modlauncher-5.1.0.jar:?]
	at cpw.mods.modlauncher.LaunchServiceHandler.launch(LaunchServiceHandler.java:54) [modlauncher-5.1.0.jar:?]
	at cpw.mods.modlauncher.LaunchServiceHandler.launch(LaunchServiceHandler.java:72) [modlauncher-5.1.0.jar:?]
	at cpw.mods.modlauncher.Launcher.run(Launcher.java:81) [modlauncher-5.1.0.jar:?]
	at cpw.mods.modlauncher.Launcher.main(Launcher.java:65) [modlauncher-5.1.0.jar:?]
	at net.minecraftforge.userdev.LaunchTesting.main(LaunchTesting.java:105) [forge-1.16.1-32.0.44_mapped_snapshot_20200514-1.16-recomp.jar:?]
[24Jul2020 15:48:01.986] [Render thread/INFO] [com.mojang.text2speech.NarratorWindows/]: Narrator library for x64 successfully loaded
[24Jul2020 15:48:02.759] [Render thread/INFO] [net.minecraft.resources.SimpleReloadableResourceManager/]: Reloading ResourceManager: Default, Mod Resources
[24Jul2020 15:48:03.083] [Worker-Main-8/ERROR] [net.minecraftforge.fml.ModLoader/LOADING]: Skipping lifecycle event SETUP, 1 errors found.
[24Jul2020 15:48:03.083] [Worker-Main-8/FATAL] [net.minecraftforge.fml.ModLoader/LOADING]: Failed to complete lifecycle event SETUP, 1 errors found
[24Jul2020 15:48:03.083] [Worker-Main-8/FATAL] [net.minecraftforge.eventbus.EventBus/EVENTBUS]: EventBus 0 shutting down - future events will not be posted.
java.lang.Exception: stacktrace
	at net.minecraftforge.eventbus.EventBus.shutdown(EventBus.java:278) ~[eventbus-2.2.0-service.jar:?]
	at net.minecraftforge.fml.client.ClientModLoader.lambda$createRunnableWithCatch$5(ClientModLoader.java:111) ~[?:?]
	at net.minecraftforge.fml.client.ClientModLoader.startModLoading(ClientModLoader.java:119) ~[?:?]
	at net.minecraftforge.fml.client.ClientModLoader.lambda$onreload$3(ClientModLoader.java:101) ~[?:?]
	at net.minecraftforge.fml.client.ClientModLoader.lambda$createRunnableWithCatch$5(ClientModLoader.java:109) ~[?:?]
	at java.util.concurrent.CompletableFuture$AsyncRun.run(CompletableFuture.java:1626) [?:1.8.0_222]
	at java.util.concurrent.CompletableFuture$AsyncRun.exec(CompletableFuture.java:1618) [?:1.8.0_222]
	at java.util.concurrent.ForkJoinTask.doExec(ForkJoinTask.java:289) [?:1.8.0_222]
	at java.util.concurrent.ForkJoinPool$WorkQueue.runTask(ForkJoinPool.java:1056) [?:1.8.0_222]
	at java.util.concurrent.ForkJoinPool.runWorker(ForkJoinPool.java:1692) [?:1.8.0_222]
	at java.util.concurrent.ForkJoinWorkerThread.run(ForkJoinWorkerThread.java:157) [?:1.8.0_222]
[24Jul2020 15:48:17.068] [Worker-Main-12/ERROR] [net.minecraftforge.fml.ModLoader/LOADING]: Skipping lifecycle event ENQUEUE_IMC, 1 errors found.
[24Jul2020 15:48:17.069] [Worker-Main-12/FATAL] [net.minecraftforge.fml.ModLoader/LOADING]: Failed to complete lifecycle event ENQUEUE_IMC, 1 errors found
[24Jul2020 15:48:17.069] [Worker-Main-12/FATAL] [net.minecraftforge.eventbus.EventBus/EVENTBUS]: EventBus 0 shutting down - future events will not be posted.
java.lang.Exception: stacktrace
	at net.minecraftforge.eventbus.EventBus.shutdown(EventBus.java:278) ~[eventbus-2.2.0-service.jar:?]
	at net.minecraftforge.fml.client.ClientModLoader.lambda$createRunnableWithCatch$5(ClientModLoader.java:111) ~[?:?]
	at net.minecraftforge.fml.client.ClientModLoader.finishModLoading(ClientModLoader.java:133) ~[?:?]
	at net.minecraftforge.fml.client.ClientModLoader.lambda$onreload$4(ClientModLoader.java:103) ~[?:?]
	at java.util.concurrent.CompletableFuture.uniRun(CompletableFuture.java:705) [?:1.8.0_222]
	at java.util.concurrent.CompletableFuture$UniRun.tryFire(CompletableFuture.java:687) [?:1.8.0_222]
	at java.util.concurrent.CompletableFuture$Completion.exec(CompletableFuture.java:443) [?:1.8.0_222]
	at java.util.concurrent.ForkJoinTask.doExec(ForkJoinTask.java:289) [?:1.8.0_222]
	at java.util.concurrent.ForkJoinPool$WorkQueue.runTask(ForkJoinPool.java:1056) [?:1.8.0_222]
	at java.util.concurrent.ForkJoinPool.runWorker(ForkJoinPool.java:1692) [?:1.8.0_222]
	at java.util.concurrent.ForkJoinWorkerThread.run(ForkJoinWorkerThread.java:157) [?:1.8.0_222]
[24Jul2020 15:48:18.666] [Render thread/INFO] [net.minecraft.client.audio.SoundSystem/]: OpenAL initialized.
[24Jul2020 15:48:18.668] [Render thread/INFO] [net.minecraft.client.audio.SoundEngine/SOUNDS]: Sound engine started
[24Jul2020 15:48:19.228] [Render thread/INFO] [net.minecraft.client.renderer.texture.AtlasTexture/]: Created: 1024x512x4 minecraft:textures/atlas/blocks.png-atlas
[24Jul2020 15:48:19.453] [Render thread/INFO] [net.minecraft.client.renderer.texture.AtlasTexture/]: Created: 256x128x4 minecraft:textures/atlas/signs.png-atlas
[24Jul2020 15:48:19.456] [Render thread/INFO] [net.minecraft.client.renderer.texture.AtlasTexture/]: Created: 512x512x4 minecraft:textures/atlas/banner_patterns.png-atlas
[24Jul2020 15:48:19.466] [Render thread/INFO] [net.minecraft.client.renderer.texture.AtlasTexture/]: Created: 512x512x4 minecraft:textures/atlas/shield_patterns.png-atlas
[24Jul2020 15:48:19.477] [Render thread/INFO] [net.minecraft.client.renderer.texture.AtlasTexture/]: Created: 256x256x4 minecraft:textures/atlas/chest.png-atlas
[24Jul2020 15:48:19.480] [Render thread/INFO] [net.minecraft.client.renderer.texture.AtlasTexture/]: Created: 512x256x4 minecraft:textures/atlas/beds.png-atlas
[24Jul2020 15:48:19.484] [Render thread/INFO] [net.minecraft.client.renderer.texture.AtlasTexture/]: Created: 512x256x4 minecraft:textures/atlas/shulker_boxes.png-atlas
[24Jul2020 15:48:20.964] [Render thread/INFO] [net.minecraft.client.renderer.texture.AtlasTexture/]: Created: 256x256x0 minecraft:textures/atlas/particles.png-atlas
[24Jul2020 15:48:20.992] [Render thread/INFO] [net.minecraft.client.renderer.texture.AtlasTexture/]: Created: 256x256x0 minecraft:textures/atlas/paintings.png-atlas
[24Jul2020 15:48:20.998] [Render thread/INFO] [net.minecraft.client.renderer.texture.AtlasTexture/]: Created: 128x128x0 minecraft:textures/atlas/mob_effects.png-atlas
[24Jul2020 15:48:24.754] [Render thread/INFO] [net.minecraft.client.Minecraft/]: Stopping!
